0 info it worked if it ends with ok
1 verbose cli [ 'node', '/usr/local/bin/npm', 'start' ]
2 info using npm@1.1.59
3 info using node@v0.8.8
4 verbose read json /Users/Gavin/Google Drive/Development/vOS/package.json
5 verbose run-script [ 'prestart', 'start', 'poststart' ]
6 info prestart vOS@0.0.0-33
7 info start vOS@0.0.0-33
8 verbose unsafe-perm in lifecycle true
9 silly exec sh "-c" "node app.js"
10 silly sh,-c,node app.js,/Users/Gavin/Google Drive/Development/vOS spawning
11 info vOS@0.0.0-33 Failed to exec start script
12 error vOS@0.0.0-33 start: `node app.js`
12 error `sh "-c" "node app.js"` failed with 1
13 error Failed at the vOS@0.0.0-33 start script.
13 error This is most likely a problem with the vOS package,
13 error not with npm itself.
13 error Tell the author that this fails on your system:
13 error     node app.js
13 error You can get their info via:
13 error     npm owner ls vOS
13 error There is likely additional logging output above.
14 error System Darwin 11.4.2
15 error command "node" "/usr/local/bin/npm" "start"
16 error cwd /Users/Gavin/Google Drive/Development/vOS
17 error node -v v0.8.8
18 error npm -v 1.1.59
19 error code ELIFECYCLE
20 verbose exit [ 1, true ]
